<?xml version="1.0" encoding="UTF-8"?>
<!-- Generated by org.testng.reporters.JUnitReportReporter -->
<testsuite hostname="DESKTOP-17S0OF8" failures="0" tests="2" name="com.testng.testngsimpleannotation" time="0.044" errors="0" timestamp="2022-10-16T05:35:41 IST" skipped="0">
  <testcase classname="com.testng.testngsimpleannotation" name="searchLenovo" time="0.029"/>
  <testcase classname="com.testng.testngsimpleannotation" name="searchapple" time="0.015"/>
</testsuite> <!-- com.testng.testngsimpleannotation -->
