<?xml version="1.0" encoding="UTF-8"?>
<!-- Generated by org.testng.reporters.JUnitReportReporter -->
<testsuite hostname="DESKTOP-17S0OF8" failures="0" tests="3" name="com.testng.TestNg_Priority" time="0.036" errors="0" timestamp="2022-10-16T10:44:28 IST" skipped="2">
  <testcase classname="com.testng.TestNg_Priority" name="abhi" time="0.036"/>
  <testcase classname="com.testng.TestNg_Priority" name="bala">
    <skipped/>
  </testcase> <!-- bala -->
  <testcase classname="com.testng.TestNg_Priority" name="ethiraj">
    <skipped/>
  </testcase> <!-- ethiraj -->
</testsuite> <!-- com.testng.TestNg_Priority -->
